[JaCaMoLauncher] Workspace grid_environment created.
[dMS]  DMS Agent Initieted --->>[dMS]... 
[simulationCall] 


Workspace Dimenssion Created and Named: grid_environment
[dMS] dMS FOUND and focusing on---> cobj_2 Or -- >initSim
[dMS] dMS Just got in the Dimension:: grid_environment
[simulationCall] Exogenous Environment Artifact Created & set for the Power Distribution Study System.....


[Ag_150]  Detected!! >>>> Agent BussBar & sensor Artifact::Art_150 created and initiented !!! [Ag_150]... 
[Ag_150] sensoring coordenation timing for the agnt  ------->> 5422.039727809224
[Ag_SW1]  Detected!! >>>> Agent BussBar & sensor Artifact::Art_150r created and initiented !!! [Ag_SW1]... 
[Ag_SW1] sensoring coordenation timing for the agnt  ------->> 10370.768751629239
[Ag_149]  Detected!! >>>> Agent BussBar & sensor Artifact::Art_149 created and initiented !!! [Ag_149]... 
[Ag_149] sensoring coordenation timing for the agnt  ------->> 6158.991368934218
[Ag_1]  Detected!! >>>> Agent BussBar & sensor Artifact::Art_1 created and initiented !!! [Ag_1]... 
[Ag_1] sensoring coordenation timing for the agnt  ------->> 4954.143522291001
[Ag_2]  Detected!! >>>> Agent BussBar & sensor Artifact::Art_2 created and initiented !!! [Ag_2]... 
[Ag_2] sensoring coordenation timing for the agnt  ------->> 6972.271203597216
[Ag_3]  Detected!! >>>> Agent BussBar & sensor Artifact::Art_3 created and initiented !!! [Ag_3]... 
[Ag_3] sensoring coordenation timing for the agnt  ------->> 6975.251303618398
[Ag_7]  Detected!! >>>> Agent BussBar & sensor Artifact::Art_7 created and initiented !!! [Ag_7]... 
[Ag_4]  Detected!! >>>> Agent BussBar & sensor Artifact::Art_4 created and initiented !!! [Ag_4]... 
[Ag_7] sensoring coordenation timing for the agnt  ------->> 9715.862157652871
[Ag_4] sensoring coordenation timing for the agnt  ------->> 11696.169676919193
[Ag_5]  Detected!! >>>> Agent BussBar & sensor Artifact::Art_5 created and initiented !!! [Ag_5]... 
[Ag_5] sensoring coordenation timing for the agnt  ------->> 6519.582584830996
[Ag_6]  Detected!! >>>> Agent BussBar & sensor Artifact::Art_6 created and initiented !!! [Ag_6]... 
[Ag_6] sensoring coordenation timing for the agnt  ------->> 2605.4873081168544
[Ag_8]  Detected!! >>>> Agent BussBar & sensor Artifact::Art_8 created and initiented !!! [Ag_8]... 
[Ag_8] sensoring coordenation timing for the agnt  ------->> 12553.424754268886
[Ag_12]  Detected!! >>>> Agent BussBar & sensor Artifact::Art_12 created and initiented !!! [Ag_12]... 
[Ag_12] sensoring coordenation timing for the agnt  ------->> 7939.228285623288
[Ag_9]  Detected!! >>>> Agent BussBar & sensor Artifact::Art_9 created and initiented !!! [Ag_9]... 
[Ag_9] sensoring coordenation timing for the agnt  ------->> 7192.245906881468
[Ag_SW2]  Detected!! >>>> Agent BussBar & sensor Artifact::Art_13 created and initiented !!! [Ag_SW2]... 
[Ag_SW2] sensoring coordenation timing for the agnt  ------->> 4478.856583808115
[Ag_9r]  Detected!! >>>> Agent BussBar & sensor Artifact::Art_9r created and initiented !!! [Ag_9r]... 
[Ag_9r] sensoring coordenation timing for the agnt  ------->> 6371.460887939449
[Ag_14]  Detected!! >>>> Agent BussBar & sensor Artifact::Art_14 created and initiented !!! [Ag_14]... 
[Ag_14] sensoring coordenation timing for the agnt  ------->> 10285.680364703829
[Ag_34]  Detected!! >>>> Agent BussBar & sensor Artifact::Art_34 created and initiented !!! [Ag_34]... 
[Ag_34] sensoring coordenation timing for the agnt  ------->> 6161.608252897548
[Ag_SW3]  Detected!! >>>> Agent BussBar & sensor Artifact::Art_18 created and initiented !!! [Ag_SW3]... 
[Ag_SW3] sensoring coordenation timing for the agnt  ------->> 9675.080098632765
[Ag_11]  Detected!! >>>> Agent BussBar & sensor Artifact::Art_11 created and initiented !!! [Ag_11]... 
[Ag_11] sensoring coordenation timing for the agnt  ------->> 4948.043990013719
[Ag_10]  Detected!! >>>> Agent BussBar & sensor Artifact::Art_10 created and initiented !!! [Ag_10]... 
[Ag_10] sensoring coordenation timing for the agnt  ------->> 10155.02344367403
[Ag_15]  Detected!! >>>> Agent BussBar & sensor Artifact::Art_15 created and initiented !!! [Ag_15]... 
[Ag_15] sensoring coordenation timing for the agnt  ------->> 6146.972836135748
[Ag_16]  Detected!! >>>> Agent BussBar & sensor Artifact::Art_16 created and initiented !!! [Ag_16]... 
[Ag_6] 

 checking Voltages & currentes... Cycle::1
[Ag_16] sensoring coordenation timing for the agnt  ------->> 12793.268714205657
[Ag_17]  Detected!! >>>> Agent BussBar & sensor Artifact::Art_17 created and initiented !!! [Ag_17]... 
[Ag_17] sensoring coordenation timing for the agnt  ------->> 6326.641651574718
[Ag_6] >>Voltage Levels in Regulatory Standard Range ---->1.0323   PHASE:   1
[Ag_150] 

 checking Voltages & currentes... Cycle::1
[Ag_19]  Detected!! >>>> Agent BussBar & sensor Artifact::Art_19 created and initiented !!! [Ag_19]... 
[Ag_6] >>Current: Normal Range----> 0 - 400Amp (100%*)  <<>>  Line1--->Load.S6C   Ph:   Phase 1  Value::19.2495
[Ag_6] >>Current: Normal Range----> 0 - 400Amp (100%*)  <<>>  Line1--->Load.S6C   Ph:   Phase 2  Value::19.2495
[dMS] Cycle::1-->Agent sensors retrived: {Ag_6}  status Checked.. everything is fine
[Ag_19] sensoring coordenation timing for the agnt  ------->> 6094.124050358251
[Ag_1] 

 checking Voltages & currentes... Cycle::1
[Ag_150] >>Voltage Levels in Regulatory Standard Range ---->0.99999   PHASE:   1
[Ag_150] >>Voltage Levels in Regulatory Standard Range ---->0.99999   PHASE:   2
[Ag_150] >>Voltage Levels in Regulatory Standard Range ---->0.99999   PHASE:   3
[Ag_1] >>Voltage Levels in Regulatory Standard Range ---->1.0341   PHASE:   1
[Ag_150]   FALT ALERT***!!!

[Ag_150] >>Current little OUT OF NORMAL RANGE 0 - 400Amp (100%*) <<>> Line1--->Transformer.REG1A   PHASE:   Phase 1  Value::592.16
[Ag_1] >>Voltage Levels in Regulatory Standard Range ---->1.0403   PHASE:   2
[Ag_150]   FALT ALERT***!!!

[Ag_150] >>Current little OUT OF NORMAL RANGE 0 - 400Amp (100%*) <<>> Line1--->Transformer.REG1A   PHASE:   Phase 2  Value::426.285
[Ag_1] >>Voltage Levels in Regulatory Standard Range ---->1.0357   PHASE:   3
[Ag_1] >>Current: Normal Range----> 0 - 400Amp (100%*)  <<>>  Line1--->Line.L1   Ph:   Phase 1  Value::8.95078
[Ag_21]  Detected!! >>>> Agent BussBar & sensor Artifact::Art_21 created and initiented !!! [Ag_21]... 
[Ag_150]   FALT ALERT***!!!

[Ag_150] >>Current little OUT OF NORMAL RANGE 0 - 400Amp (100%*) <<>> Line1--->Transformer.REG1A   PHASE:   Phase 3  Value::523.15
[dMS] Cycle::1-->Agent sensors retrived: {Ag_150}  status Checked.. everything is fine
[Ag_21] sensoring coordenation timing for the agnt  ------->> 4029.432055278401
[Ag_1] >>Current: Normal Range----> 0 - 400Amp (100%*)  <<>>  Line2--->Line.L2   Ph:   Phase 1  Value::46.5794
[Ag_20]  Detected!! >>>> Agent BussBar & sensor Artifact::Art_20 created and initiented !!! [Ag_20]... 
[Ag_20] sensoring coordenation timing for the agnt  ------->> 10281.864105994566
[Ag_149] 

 checking Voltages & currentes... Cycle::1
[Ag_22]  Detected!! >>>> Agent BussBar & sensor Artifact::Art_22 created and initiented !!! [Ag_22]... 
[Ag_1]   FALT ALERT***!!!

[Ag_1] >>Current little OUT OF NORMAL RANGE 0 - 400Amp (100%*) <<>> Line3--->Line.L3   PHASE:   Phase 1  Value::562.87
[Ag_22] sensoring coordenation timing for the agnt  ------->> 13244.137866314602
[Ag_23]  Detected!! >>>> Agent BussBar & sensor Artifact::Art_23 created and initiented !!! [Ag_23]... 
[Ag_1] >>Current: Normal Range----> 0 - 400Amp (100%*)  <<>>  Line3--->Line.L3   Ph:   Phase 2  Value::399.544
[Ag_23] sensoring coordenation timing for the agnt  ------->> 3742.7802205595976
[Ag_149] >>Voltage Levels in Regulatory Standard Range ---->1.0437   PHASE:   1
[Ag_24]  Detected!! >>>> Agent BussBar & sensor Artifact::Art_24 created and initiented !!! [Ag_24]... 
[Ag_24] sensoring coordenation timing for the agnt  ------->> 8485.814327143487
[Ag_1]   FALT ALERT***!!!

[Ag_1] >>Current little OUT OF NORMAL RANGE 0 - 400Amp (100%*) <<>> Line3--->Line.L3   PHASE:   Phase 3  Value::455.247
[Ag_149] >>Voltage Levels in Regulatory Standard Range ---->1.0437   PHASE:   2
[Ag_25]  Detected!! >>>> Agent BussBar & sensor Artifact::Art_25 created and initiented !!! [Ag_25]... 
[Ag_149] >>Voltage Levels in Regulatory Standard Range ---->1.0437   PHASE:   3
[Ag_1] >>Current: Normal Range----> 0 - 400Amp (100%*)  <<>>  Line4--->Load.S1A   Ph:   Phase 1  Value::4.50165
[Ag_SW2] 

 checking Voltages & currentes... Cycle::1
[Ag_149]   FALT ALERT***!!!

[Ag_149] >>Current little OUT OF NORMAL RANGE 0 - 400Amp (100%*) <<>> Line1--->Line.L115   PHASE:   Phase 1  Value::567.339
[Ag_2] 

 checking Voltages & currentes... Cycle::1
[Ag_SW2] >>Voltage Levels in Regulatory Standard Range ---->1.0149   PHASE:   1
[Ag_1] >>Current: Normal Range----> 0 - 400Amp (100%*)  <<>>  Line4--->Load.S1A   Ph:   Phase 2  Value::4.50165
[dMS] Cycle::1-->Agent sensors retrived: {Ag_1}  status Checked.. everything is fine
[Ag_SW2] >>Voltage Levels in Regulatory Standard Range ---->1.034   PHASE:   2
[Ag_25r]  Detected!! >>>> Agent BussBar & sensor Artifact::Art_25r created and initiented !!! [Ag_25r]... 
[Ag_25] sensoring coordenation timing for the agnt  ------->> 8375.828262115772
[Ag_149]   FALT ALERT***!!!

[Ag_149] >>Current little OUT OF NORMAL RANGE 0 - 400Amp (100%*) <<>> Line1--->Line.L115   PHASE:   Phase 2  Value::408.416
[Ag_25r] sensoring coordenation timing for the agnt  ------->> 6071.785551950626
[Ag_2] >>Voltage Levels in Regulatory Standard Range ---->1.0401   PHASE:   1
[Ag_3] 

 checking Voltages & currentes... Cycle::1
[Ag_26]  Detected!! >>>> Agent BussBar & sensor Artifact::Art_26 created and initiented !!! [Ag_26]... 
[Ag_149]   FALT ALERT***!!!

[Ag_149] >>Current little OUT OF NORMAL RANGE 0 - 400Amp (100%*) <<>> Line1--->Line.L115   PHASE:   Phase 3  Value::501.222
[dMS] Cycle::1-->Agent sensors retrived: {Ag_149}  status Checked.. everything is fine
[Ag_SW2] >>Voltage Levels in Regulatory Standard Range ---->1.0218   PHASE:   3
[Ag_26] sensoring coordenation timing for the agnt  ------->> 8863.091527847078
[Ag_28]  Detected!! >>>> Agent BussBar & sensor Artifact::Art_28 created and initiented !!! [Ag_28]... 
[Ag_2] >>Current: Normal Range----> 0 - 400Amp (100%*)  <<>>  Line1--->Load.S2B   Ph:   Phase 1  Value::8.95093
[Ag_5] 

 checking Voltages & currentes... Cycle::1
[Ag_28] sensoring coordenation timing for the agnt  ------->> 11595.900463076961
[Ag_SW2] >>Current: Normal Range----> 0 - 400Amp (100%*)  <<>>  Line1--->Line.L12   Ph:   Phase 1  Value::46.4253
[Ag_3] >>Voltage Levels in Regulatory Standard Range ---->1.0341   PHASE:   1
[Ag_2] >>Current: Normal Range----> 0 - 400Amp (100%*)  <<>>  Line1--->Load.S2B   Ph:   Phase 2  Value::8.95093
[dMS] Cycle::1-->Agent sensors retrived: {Ag_2}  status Checked.. everything is fine
[Ag_27]  Detected!! >>>> Agent BussBar & sensor Artifact::Art_27 created and initiented !!! [Ag_27]... 
[Ag_31]  Detected!! >>>> Agent BussBar & sensor Artifact::Art_31 created and initiented !!! [Ag_31]... 
[Ag_5] >>Voltage Levels in Regulatory Standard Range ---->1.0329   PHASE:   1
[Ag_27] sensoring coordenation timing for the agnt  ------->> 10281.49453550221
[Ag_SW2] >>Current: Normal Range----> 0 - 400Amp (100%*)  <<>>  Line2--->Line.L13   Ph:   Phase 1  Value::210.474
[Ag_3] >>Current: Normal Range----> 0 - 400Amp (100%*)  <<>>  Line1--->Line.L4   Ph:   Phase 1  Value::18.0136
[Ag_11] 

 checking Voltages & currentes... Cycle::1
[Ag_31] sensoring coordenation timing for the agnt  ------->> 6598.70398909882
[Ag_33]  Detected!! >>>> Agent BussBar & sensor Artifact::Art_33 created and initiented !!! [Ag_33]... 
[Ag_5] >>Current: Normal Range----> 0 - 400Amp (100%*)  <<>>  Line1--->Line.L6   Ph:   Phase 1  Value::19.2493
[Ag_SW2] >>Current: Normal Range----> 0 - 400Amp (100%*)  <<>>  Line2--->Line.L13   Ph:   Phase 2  Value::155.518
[Ag_3] >>Current: Normal Range----> 0 - 400Amp (100%*)  <<>>  Line2--->Line.L5   Ph:   Phase 1  Value::28.566
[dMS] Cycle::1-->Agent sensors retrived: {Ag_3}  status Checked.. everything is fine
[Ag_33] sensoring coordenation timing for the agnt  ------->> 10437.793764926148
[Ag_11] >>Voltage Levels in Regulatory Standard Range ---->1.0135   PHASE:   1
[Ag_5] >>Current: Normal Range----> 0 - 400Amp (100%*)  <<>>  Line2--->Load.S5C   Ph:   Phase 1  Value::9.31695
[Ag_9r] 

 checking Voltages & currentes... Cycle::1
[Ag_29]  Detected!! >>>> Agent BussBar & sensor Artifact::Art_29 created and initiented !!! [Ag_29]... 
[Ag_SW2] >>Current: Normal Range----> 0 - 400Amp (100%*)  <<>>  Line2--->Line.L13   Ph:   Phase 3  Value::153.139
[Ag_30]  Detected!! >>>> Agent BussBar & sensor Artifact::Art_30 created and initiented !!! [Ag_30]... 
[Ag_34] 

 checking Voltages & currentes... Cycle::1
[Ag_9] 

 checking Voltages & currentes... Cycle::1
[Ag_250]  Detected!! >>>> Agent BussBar & sensor Artifact::Art_250 created and initiented !!! [Ag_250]... 
[Ag_21] 

 checking Voltages & currentes... Cycle::1
[Ag_32]  Detected!! >>>> Agent BussBar & sensor Artifact::Art_32 created and initiented !!! [Ag_32]... 
[Ag_SW1] 

 checking Voltages & currentes... Cycle::1
[Ag_12] 

 checking Voltages & currentes... Cycle::1
[Ag_35]  Detected!! >>>> Agent BussBar & sensor Artifact::Art_35 created and initiented !!! [Ag_35]... 
[Ag_23] 

 checking Voltages & currentes... Cycle::1
[Ag_36]  Detected!! >>>> Agent BussBar & sensor Artifact::Art_36 created and initiented !!! [Ag_36]... 
[Ag_15] 

 checking Voltages & currentes... Cycle::1
[Ag_40]  Detected!! >>>> Agent BussBar & sensor Artifact::Art_40 created and initiented !!! [Ag_40]... 
[Ag_37]  Detected!! >>>> Agent BussBar & sensor Artifact::Art_37 created and initiented !!! [Ag_37]... 
[Ag_7] 

 checking Voltages & currentes... Cycle::1
[Ag_38]  Detected!! >>>> Agent BussBar & sensor Artifact::Art_38 created and initiented !!! [Ag_38]... 
[Ag_19] 

 checking Voltages & currentes... Cycle::1
[Ag_17] 

 checking Voltages & currentes... Cycle::1
[Ag_39]  Detected!! >>>> Agent BussBar & sensor Artifact::Art_39 created and initiented !!! [Ag_39]... 
[Ag_41]  Detected!! >>>> Agent BussBar & sensor Artifact::Art_41 created and initiented !!! [Ag_41]... 
[Ag_42]  Detected!! >>>> Agent BussBar & sensor Artifact::Art_42 created and initiented !!! [Ag_42]... 
[Ag_43]  Detected!! >>>> Agent BussBar & sensor Artifact::Art_43 created and initiented !!! [Ag_43]... 
[Ag_44]  Detected!! >>>> Agent BussBar & sensor Artifact::Art_44 created and initiented !!! [Ag_44]... 
[Ag_45]  Detected!! >>>> Agent BussBar & sensor Artifact::Art_45 created and initiented !!! [Ag_45]... 
[Ag_47]  Detected!! >>>> Agent BussBar & sensor Artifact::Art_47 created and initiented !!! [Ag_47]... 
[Ag_46]  Detected!! >>>> Agent BussBar & sensor Artifact::Art_46 created and initiented !!! [Ag_46]... 
[Ag_48]  Detected!! >>>> Agent BussBar & sensor Artifact::Art_48 created and initiented !!! [Ag_48]... 
[Ag_49]  Detected!! >>>> Agent BussBar & sensor Artifact::Art_49 created and initiented !!! [Ag_49]... 
[Ag_4] 

 checking Voltages & currentes... Cycle::1
[Ag_50]  Detected!! >>>> Agent BussBar & sensor Artifact::Art_50 created and initiented !!! [Ag_50]... 
[Ag_SW3] 

 checking Voltages & currentes... Cycle::1
[Ag_51]  Detected!! >>>> Agent BussBar & sensor Artifact::Art_51 created and initiented !!! [Ag_51]... 
[Ag_14] 

 checking Voltages & currentes... Cycle::1
[Ag_SW7]  Detected!! >>>> Agent BussBar & sensor Artifact::Art_151 created and initiented !!! [Ag_SW7]... 
[Ag_25r] 

 checking Voltages & currentes... Cycle::1
[Ag_52]  Detected!! >>>> Agent BussBar & sensor Artifact::Art_52 created and initiented !!! [Ag_52]... 
[Ag_53]  Detected!! >>>> Agent BussBar & sensor Artifact::Art_53 created and initiented !!! [Ag_53]... 
[Ag_SW8]  Detected!! >>>> Agent BussBar & sensor Artifact::Art_54 created and initiented !!! [Ag_SW8]... 
[Ag_10] 

 checking Voltages & currentes... Cycle::1
[Ag_55]  Detected!! >>>> Agent BussBar & sensor Artifact::Art_55 created and initiented !!! [Ag_55]... 
[Ag_8] 

 checking Voltages & currentes... Cycle::1
[Ag_57]  Detected!! >>>> Agent BussBar & sensor Artifact::Art_57 created and initiented !!! [Ag_57]... 
[Ag_56]  Detected!! >>>> Agent BussBar & sensor Artifact::Art_56 created and initiented !!! [Ag_56]... 
[Ag_58]  Detected!! >>>> Agent BussBar & sensor Artifact::Art_58 created and initiented !!! [Ag_58]... 
[Ag_24] 

 checking Voltages & currentes... Cycle::1
[Ag_31] 

 checking Voltages & currentes... Cycle::1
[Ag_SW4]  Detected!! >>>> Agent BussBar & sensor Artifact::Art_60 created and initiented !!! [Ag_SW4]... 
[Ag_59]  Detected!! >>>> Agent BussBar & sensor Artifact::Art_59 created and initiented !!! [Ag_59]... 
[Ag_25] 

 checking Voltages & currentes... Cycle::1
[Ag_SW6]  Detected!! >>>> Agent BussBar & sensor Artifact::Art_61 created and initiented !!! [Ag_SW6]... 
[Ag_20] 

 checking Voltages & currentes... Cycle::1
[Ag_62]  Detected!! >>>> Agent BussBar & sensor Artifact::Art_62 created and initiented !!! [Ag_62]... 
[Ag_63]  Detected!! >>>> Agent BussBar & sensor Artifact::Art_63 created and initiented !!! [Ag_63]... 
[Ag_64]  Detected!! >>>> Agent BussBar & sensor Artifact::Art_64 created and initiented !!! [Ag_64]... 
[Ag_65]  Detected!! >>>> Agent BussBar & sensor Artifact::Art_65 created and initiented !!! [Ag_65]... 
[Ag_26] 

 checking Voltages & currentes... Cycle::1
[Ag_66]  Detected!! >>>> Agent BussBar & sensor Artifact::Art_66 created and initiented !!! [Ag_66]... 
[Ag_67]  Detected!! >>>> Agent BussBar & sensor Artifact::Art_67 created and initiented !!! [Ag_67]... 
[Ag_16] 

 checking Voltages & currentes... Cycle::1
[Ag_68]  Detected!! >>>> Agent BussBar & sensor Artifact::Art_68 created and initiented !!! [Ag_68]... 
[Ag_72]  Detected!! >>>> Agent BussBar & sensor Artifact::Art_72 created and initiented !!! [Ag_72]... 
[Ag_SW5]  Detected!! >>>> Agent BussBar & sensor Artifact::Art_97 created and initiented !!! [Ag_SW5]... 
[Ag_27] 

 checking Voltages & currentes... Cycle::1
[Ag_69]  Detected!! >>>> Agent BussBar & sensor Artifact::Art_69 created and initiented !!! [Ag_69]... 
[Ag_70]  Detected!! >>>> Agent BussBar & sensor Artifact::Art_70 created and initiented !!! [Ag_70]... 
[Ag_71]  Detected!! >>>> Agent BussBar & sensor Artifact::Art_71 created and initiented !!! [Ag_71]... 
[Ag_22] 

 checking Voltages & currentes... Cycle::1
[Ag_73]  Detected!! >>>> Agent BussBar & sensor Artifact::Art_73 created and initiented !!! [Ag_73]... 
[Ag_28] 

 checking Voltages & currentes... Cycle::1
[Ag_76]  Detected!! >>>> Agent BussBar & sensor Artifact::Art_76 created and initiented !!! [Ag_76]... 
[Ag_74]  Detected!! >>>> Agent BussBar & sensor Artifact::Art_74 created and initiented !!! [Ag_74]... 
[Ag_75]  Detected!! >>>> Agent BussBar & sensor Artifact::Art_75 created and initiented !!! [Ag_75]... 
[Ag_77]  Detected!! >>>> Agent BussBar & sensor Artifact::Art_77 created and initiented !!! [Ag_77]... 
[Ag_86]  Detected!! >>>> Agent BussBar & sensor Artifact::Art_86 created and initiented !!! [Ag_86]... 
[Ag_78]  Detected!! >>>> Agent BussBar & sensor Artifact::Art_78 created and initiented !!! [Ag_78]... 
[Ag_79]  Detected!! >>>> Agent BussBar & sensor Artifact::Art_79 created and initiented !!! [Ag_79]... 
[Ag_80]  Detected!! >>>> Agent BussBar & sensor Artifact::Art_80 created and initiented !!! [Ag_80]... 
[Ag_81]  Detected!! >>>> Agent BussBar & sensor Artifact::Art_81 created and initiented !!! [Ag_81]... 
[Ag_82]  Detected!! >>>> Agent BussBar & sensor Artifact::Art_82 created and initiented !!! [Ag_82]... 
[Ag_84]  Detected!! >>>> Agent BussBar & sensor Artifact::Art_84 created and initiented !!! [Ag_84]... 
[Ag_83]  Detected!! >>>> Agent BussBar & sensor Artifact::Art_83 created and initiented !!! [Ag_83]... 
[Ag_85]  Detected!! >>>> Agent BussBar & sensor Artifact::Art_85 created and initiented !!! [Ag_85]... 
[Ag_87]  Detected!! >>>> Agent BussBar & sensor Artifact::Art_87 created and initiented !!! [Ag_87]... 
[Ag_88]  Detected!! >>>> Agent BussBar & sensor Artifact::Art_88 created and initiented !!! [Ag_88]... 
[Ag_89]  Detected!! >>>> Agent BussBar & sensor Artifact::Art_89 created and initiented !!! [Ag_89]... 
[Ag_90]  Detected!! >>>> Agent BussBar & sensor Artifact::Art_90 created and initiented !!! [Ag_90]... 
[Ag_91]  Detected!! >>>> Agent BussBar & sensor Artifact::Art_91 created and initiented !!! [Ag_91]... 
[Ag_92]  Detected!! >>>> Agent BussBar & sensor Artifact::Art_92 created and initiented !!! [Ag_92]... 
[Ag_93]  Detected!! >>>> Agent BussBar & sensor Artifact::Art_93 created and initiented !!! [Ag_93]... 
[Ag_94]  Detected!! >>>> Agent BussBar & sensor Artifact::Art_94 created and initiented !!! [Ag_94]... 
[Ag_95]  Detected!! >>>> Agent BussBar & sensor Artifact::Art_95 created and initiented !!! [Ag_95]... 
[Ag_96]  Detected!! >>>> Agent BussBar & sensor Artifact::Art_96 created and initiented !!! [Ag_96]... 
[Ag_98]  Detected!! >>>> Agent BussBar & sensor Artifact::Art_98 created and initiented !!! [Ag_98]... 
[Ag_99]  Detected!! >>>> Agent BussBar & sensor Artifact::Art_99 created and initiented !!! [Ag_99]... 
[Ag_100]  Detected!! >>>> Agent BussBar & sensor Artifact::Art_100 created and initiented !!! [Ag_100]... 
[Ag_450]  Detected!! >>>> Agent BussBar & sensor Artifact::Art_450 created and initiented !!! [Ag_450]... 
[Ag_197]  Detected!! >>>> Agent BussBar & sensor Artifact::Art_197 created and initiented !!! [Ag_197]... 
[Ag_101]  Detected!! >>>> Agent BussBar & sensor Artifact::Art_101 created and initiented !!! [Ag_101]... 
[Ag_102]  Detected!! >>>> Agent BussBar & sensor Artifact::Art_102 created and initiented !!! [Ag_102]... 
[Ag_105]  Detected!! >>>> Agent BussBar & sensor Artifact::Art_105 created and initiented !!! [Ag_105]... 
[Ag_103]  Detected!! >>>> Agent BussBar & sensor Artifact::Art_103 created and initiented !!! [Ag_103]... 
[Ag_104]  Detected!! >>>> Agent BussBar & sensor Artifact::Art_104 created and initiented !!! [Ag_104]... 
[Ag_106]  Detected!! >>>> Agent BussBar & sensor Artifact::Art_106 created and initiented !!! [Ag_106]... 
[Ag_108]  Detected!! >>>> Agent BussBar & sensor Artifact::Art_108 created and initiented !!! [Ag_108]... 
[Ag_107]  Detected!! >>>> Agent BussBar & sensor Artifact::Art_107 created and initiented !!! [Ag_107]... 
[Ag_109]  Detected!! >>>> Agent BussBar & sensor Artifact::Art_109 created and initiented !!! [Ag_109]... 
[Ag_300]  Detected!! >>>> Agent BussBar & sensor Artifact::Art_300 created and initiented !!! [Ag_300]... 
[Ag_110]  Detected!! >>>> Agent BussBar & sensor Artifact::Art_110 created and initiented !!! [Ag_110]... 
[Ag_111]  Detected!! >>>> Agent BussBar & sensor Artifact::Art_111 created and initiented !!! [Ag_111]... 
[Ag_112]  Detected!! >>>> Agent BussBar & sensor Artifact::Art_112 created and initiented !!! [Ag_112]... 
[Ag_113]  Detected!! >>>> Agent BussBar & sensor Artifact::Art_113 created and initiented !!! [Ag_113]... 
[Ag_114]  Detected!! >>>> Agent BussBar & sensor Artifact::Art_114 created and initiented !!! [Ag_114]... 
[Ag_135]  Detected!! >>>> Agent BussBar & sensor Artifact::Art_135 created and initiented !!! [Ag_135]... 
[Ag_152]  Detected!! >>>> Agent BussBar & sensor Artifact::Art_152 created and initiented !!! [Ag_152]... 
[Ag_160r]  Detected!! >>>> Agent BussBar & sensor Artifact::Art_160r created and initiented !!! [Ag_160r]... 
[Ag_160]  Detected!! >>>> Agent BussBar & sensor Artifact::Art_160 created and initiented !!! [Ag_160]... 
[Ag_61s]  Detected!! >>>> Agent BussBar & sensor Artifact::Art_61s created and initiented !!! [Ag_61s]... 
[Ag_300_open]  Detected!! >>>> Agent BussBar & sensor Artifact::Art_300_open created and initiented !!! [Ag_300_open]... 
[Ag_94_open]  Detected!! >>>> Agent BussBar & sensor Artifact::Art_94_open created and initiented !!! [Ag_94_open]... 
[Ag_610]  Detected!! >>>> Agent BussBar & sensor Artifact::Art_610 created and initiented !!! [Ag_610]... 
[simulationCall] 

 _____________. Endogenous Environment ALL set...
 _____________. MAS System Ready for Working towards the Power Grid Reconfiguration Approach ...

 
