[JaCaMoLauncher] Workspace grid_environment created.
[dMS]  DMS Agent Initieted --->>[dMS]... 
[simulationCall] 


Workspace Dimenssion Created and Named: grid_environment
[dMS] dMS FOUND and focusing on---> cobj_2 Or -- >initSim
[dMS] dMS Just got in the Dimension:: grid_environment
[simulationCall] Exogenous Environment Artifact Created & set for the Power Distribution Study System.....


[Ag_150]  Detected!! >>>> Agent BussBar & sensor Artifact::Art_150 created and initiented !!! [Ag_150]... 
[Ag_150] sensoring coordenation timing for the agnt  ------->> 20655.88228841165
[Ag_Line_SW1]  Detected!! >>>> Agent BussBar & sensor Artifact::Art_150r created and initiented !!! [Ag_Line_SW1]... 
[Ag_Line_SW1] sensoring coordenation timing for the agnt  ------->> 12295.662570904933
[Ag_149]  Detected!! >>>> Agent BussBar & sensor Artifact::Art_149 created and initiented !!! [Ag_149]... 
[Ag_149] sensoring coordenation timing for the agnt  ------->> 3534.8346033651915
[Ag_1]  Detected!! >>>> Agent BussBar & sensor Artifact::Art_1 created and initiented !!! [Ag_1]... 
[Ag_1] sensoring coordenation timing for the agnt  ------->> 14076.037902308133
[Ag_2]  Detected!! >>>> Agent BussBar & sensor Artifact::Art_2 created and initiented !!! [Ag_2]... 
[Ag_2] sensoring coordenation timing for the agnt  ------->> 13469.806995499868
[Ag_3]  Detected!! >>>> Agent BussBar & sensor Artifact::Art_3 created and initiented !!! [Ag_3]... 
[Ag_3] sensoring coordenation timing for the agnt  ------->> 10324.291832203637
[Ag_7]  Detected!! >>>> Agent BussBar & sensor Artifact::Art_7 created and initiented !!! [Ag_7]... 
[Ag_7] sensoring coordenation timing for the agnt  ------->> 15098.276628585409
[Ag_4]  Detected!! >>>> Agent BussBar & sensor Artifact::Art_4 created and initiented !!! [Ag_4]... 
[Ag_4] sensoring coordenation timing for the agnt  ------->> 14777.53558053825
[Ag_5]  Detected!! >>>> Agent BussBar & sensor Artifact::Art_5 created and initiented !!! [Ag_5]... 
[Ag_5] sensoring coordenation timing for the agnt  ------->> 7663.350232328761
[Ag_6]  Detected!! >>>> Agent BussBar & sensor Artifact::Art_6 created and initiented !!! [Ag_6]... 
[Ag_6] sensoring coordenation timing for the agnt  ------->> 19883.496877261576
[Ag_8]  Detected!! >>>> Agent BussBar & sensor Artifact::Art_8 created and initiented !!! [Ag_8]... 
[Ag_8] sensoring coordenation timing for the agnt  ------->> 13259.605102395535
[Ag_12]  Detected!! >>>> Agent BussBar & sensor Artifact::Art_12 created and initiented !!! [Ag_12]... 
[Ag_12] sensoring coordenation timing for the agnt  ------->> 13016.52521247971
[Ag_9]  Detected!! >>>> Agent BussBar & sensor Artifact::Art_9 created and initiented !!! [Ag_9]... 
[Ag_9] sensoring coordenation timing for the agnt  ------->> 18614.5930738834
[Ag_Line_SW2]  Detected!! >>>> Agent BussBar & sensor Artifact::Art_13 created and initiented !!! [Ag_Line_SW2]... 
[Ag_Line_SW2] sensoring coordenation timing for the agnt  ------->> 16991.45282541646
[Ag_9r]  Detected!! >>>> Agent BussBar & sensor Artifact::Art_9r created and initiented !!! [Ag_9r]... 
[Ag_9r] sensoring coordenation timing for the agnt  ------->> 20327.49458911973
[Ag_149] 

 checking Voltages & currentes... Cycle::1
[Ag_14]  Detected!! >>>> Agent BussBar & sensor Artifact::Art_14 created and initiented !!! [Ag_14]... 
[Ag_14] sensoring coordenation timing for the agnt  ------->> 13457.210894913092
[Ag_34]  Detected!! >>>> Agent BussBar & sensor Artifact::Art_34 created and initiented !!! [Ag_34]... 
[Ag_34] sensoring coordenation timing for the agnt  ------->> 17266.109361294
[Ag_Line_SW3]  Detected!! >>>> Agent BussBar & sensor Artifact::Art_18 created and initiented !!! [Ag_Line_SW3]... 
[Ag_149] >>Voltage Levels in Regulatory Standard Range ---->1.0437   PHASE:   1
[Ag_Line_SW3] sensoring coordenation timing for the agnt  ------->> 16840.937939361134
[Ag_11]  Detected!! >>>> Agent BussBar & sensor Artifact::Art_11 created and initiented !!! [Ag_11]... 
[Ag_11] sensoring coordenation timing for the agnt  ------->> 11373.24191659173
[Ag_149] >>Voltage Levels in Regulatory Standard Range ---->1.0437   PHASE:   2
[Ag_10]  Detected!! >>>> Agent BussBar & sensor Artifact::Art_10 created and initiented !!! [Ag_10]... 
[Ag_149] >>Voltage Levels in Regulatory Standard Range ---->1.0437   PHASE:   3
[Ag_10] sensoring coordenation timing for the agnt  ------->> 15461.20985851554
[Ag_15]  Detected!! >>>> Agent BussBar & sensor Artifact::Art_15 created and initiented !!! [Ag_15]... 
[Ag_15] sensoring coordenation timing for the agnt  ------->> 12920.320749373703
[Ag_149]   FALT ALERT***!!!

[Ag_149] >>Current little OUT OF NORMAL RANGE 0 - 400Amp (100%*) <<>> Line1--->Line.L115   PHASE:   Phase 1  Value::567.339
[Ag_149]   FALT ALERT***!!!

[Ag_149] >>Current little OUT OF NORMAL RANGE 0 - 400Amp (100%*) <<>> Line1--->Line.L115   PHASE:   Phase 2  Value::408.416
[Ag_16]  Detected!! >>>> Agent BussBar & sensor Artifact::Art_16 created and initiented !!! [Ag_16]... 
[Ag_16] sensoring coordenation timing for the agnt  ------->> 10968.293964601746
[Ag_149]   FALT ALERT***!!!

[Ag_149] >>Current little OUT OF NORMAL RANGE 0 - 400Amp (100%*) <<>> Line1--->Line.L115   PHASE:   Phase 3  Value::501.222
[dMS] Cycle::1-->Agent sensor valtage retrived:: {Ag_149} Voltage Checked... everything is fine
[Ag_17]  Detected!! >>>> Agent BussBar & sensor Artifact::Art_17 created and initiented !!! [Ag_17]... 
[Ag_17] sensoring coordenation timing for the agnt  ------->> 8142.890808920762
[Ag_19]  Detected!! >>>> Agent BussBar & sensor Artifact::Art_19 created and initiented !!! [Ag_19]... 
[Ag_19] sensoring coordenation timing for the agnt  ------->> 18288.755092131596
[Ag_21]  Detected!! >>>> Agent BussBar & sensor Artifact::Art_21 created and initiented !!! [Ag_21]... 
[Ag_21] sensoring coordenation timing for the agnt  ------->> 19978.667048312996
[Ag_20]  Detected!! >>>> Agent BussBar & sensor Artifact::Art_20 created and initiented !!! [Ag_20]... 
[Ag_20] sensoring coordenation timing for the agnt  ------->> 19296.149655465073
[Ag_22]  Detected!! >>>> Agent BussBar & sensor Artifact::Art_22 created and initiented !!! [Ag_22]... 
[Ag_22] sensoring coordenation timing for the agnt  ------->> 21489.737544065625
[Ag_23]  Detected!! >>>> Agent BussBar & sensor Artifact::Art_23 created and initiented !!! [Ag_23]... 
